[8/9/2023 07:23:57] APARECISTE?
[8/9/2023 07:23:57] webon te cambiaste
[8/9/2023 07:23:57] El servidor está funcionando en el puerto 3000
[8/9/2023 07:24:30] APARECISTE?
[8/9/2023 07:24:30] webon te cambiaste
[8/9/2023 07:24:30] El servidor está funcionando en el puerto 3000
[8/9/2023 07:24:47] APARECISTE?
[8/9/2023 07:24:47] final de la consola de archivo
[8/9/2023 07:24:47] El servidor está funcionando en el puerto 3000
[8/9/2023 09:05:50] APARECISTE?
[8/9/2023 09:05:50] final de la consola de archivo
[8/9/2023 09:05:50] El servidor está funcionando en el puerto 3000
[8/9/2023 09:06:45] final de la consola de archivo
[8/9/2023 09:06:45] El servidor está funcionando en el puerto 3000
[8/9/2023 09:06:51] final de la consola de archivo
[8/9/2023 09:06:51] El servidor está funcionando en el puerto 3000
[8/9/2023 09:07:25] final de la consola de archivo
[8/9/2023 09:07:25] El servidor está funcionando en el puerto 3000
[8/9/2023 09:07:40] estoy en el polo cientifico
[8/9/2023 09:07:40] El servidor está funcionando en el puerto 3000
[8/9/2023 09:08:26] estoy en el polo cientifico
[8/9/2023 09:08:26] El servidor está funcionando en el puerto 3000
[8/9/2023 09:08:49] estoy en el polo cientifico
[8/9/2023 09:08:49] El servidor está funcionando en el puerto 3000
[8/9/2023 09:10:24] estoy en el polo cientifico
[8/9/2023 09:10:24] El servidor está funcionando en el puerto 3000
[8/9/2023 09:11:05] estoy en el polo cientifico
[8/9/2023 09:11:05] El servidor está funcionando en el puerto 3000
[8/9/2023 09:19:37] estoy en el polo cientifico
[8/9/2023 09:19:37] INFO: estoy usando info
[8/9/2023 09:19:37] El servidor está funcionando en el puerto 3000
[8/9/2023 09:19:52] estoy en el polo cientifico
[8/9/2023 09:19:52] INFO: estoy usando info
[8/9/2023 09:19:52] El servidor está funcionando en el puerto 3000
[8/9/2023 09:21:59] estoy en el polo cientifico
[8/9/2023 09:21:59] INFO: estoy usando info
[8/9/2023 09:21:59] El servidor está funcionando en el puerto 3000
[8/9/2023 09:22:44] Console: estoy en el polo cientifico
[8/9/2023 09:22:44] INFO: estoy usando info
[8/9/2023 09:22:44] Console: El servidor está funcionando en el puerto 3000
[8/9/2023 09:40:47] estoy en el polo cientifico
[8/9/2023 09:40:47] INFO: estoy usando info
[8/9/2023 09:40:47] El servidor está funcionando en el puerto 3000
[8/9/2023 09:41:45] estoy usando console.log mejor estructurado
[8/9/2023 09:41:45] INFO: estoy usando info mejor estructurado
[8/9/2023 09:41:45] El servidor está funcionando en el puerto 3000
[8/9/2023 09:43:02] console.log: estoy usando console.log mejor estructurado
[8/9/2023 09:43:02] INFO: estoy usando info mejor estructurado
[8/9/2023 09:43:02] console.log: El servidor está funcionando en el puerto 3000
[8/9/2023 09:44:15] console.log: estoy usando console.log mejor estructurado
[8/9/2023 09:44:15] INFO: estoy usando info mejor estructurado
[8/9/2023 09:44:15] console.log: El servidor está funcionando en el puerto 3000
[8/9/2023 09:44:28] console.log: El servidor está funcionando en el puerto 3000
[8/9/2023 09:44:37] alert: estoy usando info mejor estructurado
[8/9/2023 09:44:37] console.log: El servidor está funcionando en el puerto 3000
[8/9/2023 09:44:44] alert: estoy usando alert mejor estructurado
[8/9/2023 09:44:44] console.log: El servidor está funcionando en el puerto 3000
[8/9/2023 09:47:40] alert: estoy usando alert mejor estructurado
[8/9/2023 09:47:40] console.log: El servidor está funcionando en el puerto 3000
[8/9/2023 09:47:54] alert: estoy usando alert mejor estructurado
[8/9/2023 09:47:54] console.log: El servidor está funcionando en el puerto 3000
[8/9/2023 09:48:02] alert: estoy usando alert mejor estructurado
[8/9/2023 09:48:02] console.log: El servidor está funcionando en el puerto 3000
[8/9/2023 09:48:26] console.log: El servidor está funcionando en el puerto 3000
[8/9/2023 09:49:42] console.log: El servidor está funcionando en el puerto 3000
[8/9/2023 09:52:42] console.log: El servidor está funcionando en el puerto 3000
[8/9/2023 09:52:45] console.log: El servidor está funcionando en el puerto 3000
[8/9/2023 10:10:23] console.log: estoy usando console.log mejor estructurado
[8/9/2023 10:11:01] console.log: estoy usando console.log mejor estructurado
[8/9/2023 10:11:01] console.log: El servidor está funcionando en el puerto 3000
[8/9/2023 10:11:18] console.log: El servidor está funcionando en el puerto 3000
[8/9/2023 10:16:37] console.log: El servidor está funcionando en el puerto 3000
[8/9/2023 10:16:38] console.log: nos hemos conectado a la base de datos
[8/9/2023 10:39:09] El servidor está funcionando en el puerto 3000
[8/9/2023 10:39:09] nos hemos conectado a la base de datos
